.\Debug\Juce_Template.ilk
.\Debug\Juce_Template.pdb
C:\Users\Randi\Documents\Visual Studio 2010\Projects\Visual Studio 2010\Projects\Juce_Template\Builds\VisualStudio2008\.\Debug\Juce_Template.exe
C:\Users\Randi\Documents\Visual Studio 2010\Projects\Visual Studio 2010\Projects\Juce_Template\Builds\VisualStudio2008\.\Debug\Juce_Template.exe.intermediate.manifest
C:\USERS\RANDI\DOCUMENTS\VISUAL STUDIO 2010\PROJECTS\VISUAL STUDIO 2010\PROJECTS\JUCE_TEMPLATE\BUILDS\VISUALSTUDIO2008\DEBUG\ACCOUNT.OBJ
C:\Users\Randi\Documents\Visual Studio 2010\Projects\Visual Studio 2010\Projects\Juce_Template\Builds\VisualStudio2008\Debug\cl.command.1.tlog
C:\Users\Randi\Documents\Visual Studio 2010\Projects\Visual Studio 2010\Projects\Juce_Template\Builds\VisualStudio2008\Debug\CL.read.1.tlog
C:\Users\Randi\Documents\Visual Studio 2010\Projects\Visual Studio 2010\Projects\Juce_Template\Builds\VisualStudio2008\Debug\CL.write.1.tlog
C:\USERS\RANDI\DOCUMENTS\VISUAL STUDIO 2010\PROJECTS\VISUAL STUDIO 2010\PROJECTS\JUCE_TEMPLATE\BUILDS\VISUALSTUDIO2008\DEBUG\DASHBOARD.OBJ
C:\USERS\RANDI\DOCUMENTS\VISUAL STUDIO 2010\PROJECTS\VISUAL STUDIO 2010\PROJECTS\JUCE_TEMPLATE\BUILDS\VISUALSTUDIO2008\DEBUG\FILEIO.OBJ
C:\USERS\RANDI\DOCUMENTS\VISUAL STUDIO 2010\PROJECTS\VISUAL STUDIO 2010\PROJECTS\JUCE_TEMPLATE\BUILDS\VISUALSTUDIO2008\DEBUG\JUCE_TEMPLATE.EXE
C:\USERS\RANDI\DOCUMENTS\VISUAL STUDIO 2010\PROJECTS\VISUAL STUDIO 2010\PROJECTS\JUCE_TEMPLATE\BUILDS\VISUALSTUDIO2008\DEBUG\JUCE_TEMPLATE.EXE.INTERMEDIATE.MANIFEST
C:\USERS\RANDI\DOCUMENTS\VISUAL STUDIO 2010\PROJECTS\VISUAL STUDIO 2010\PROJECTS\JUCE_TEMPLATE\BUILDS\VISUALSTUDIO2008\DEBUG\JUCE_TEMPLATE.ILK
C:\USERS\RANDI\DOCUMENTS\VISUAL STUDIO 2010\PROJECTS\VISUAL STUDIO 2010\PROJECTS\JUCE_TEMPLATE\BUILDS\VISUALSTUDIO2008\DEBUG\JUCE_TEMPLATE.PDB
C:\Users\Randi\Documents\Visual Studio 2010\Projects\Visual Studio 2010\Projects\Juce_Template\Builds\VisualStudio2008\Debug\Juce_Template.vcxprojResolveAssemblyReference.cache
C:\Users\Randi\Documents\Visual Studio 2010\Projects\Visual Studio 2010\Projects\Juce_Template\Builds\VisualStudio2008\Debug\Juce_Template.write.1.tlog
C:\USERS\RANDI\DOCUMENTS\VISUAL STUDIO 2010\PROJECTS\VISUAL STUDIO 2010\PROJECTS\JUCE_TEMPLATE\BUILDS\VISUALSTUDIO2008\DEBUG\JUCELIBRARYCODE1.OBJ
C:\USERS\RANDI\DOCUMENTS\VISUAL STUDIO 2010\PROJECTS\VISUAL STUDIO 2010\PROJECTS\JUCE_TEMPLATE\BUILDS\VISUALSTUDIO2008\DEBUG\JUCELIBRARYCODE2.OBJ
C:\USERS\RANDI\DOCUMENTS\VISUAL STUDIO 2010\PROJECTS\VISUAL STUDIO 2010\PROJECTS\JUCE_TEMPLATE\BUILDS\VISUALSTUDIO2008\DEBUG\JUCELIBRARYCODE3.OBJ
C:\USERS\RANDI\DOCUMENTS\VISUAL STUDIO 2010\PROJECTS\VISUAL STUDIO 2010\PROJECTS\JUCE_TEMPLATE\BUILDS\VISUALSTUDIO2008\DEBUG\JUCELIBRARYCODE4.OBJ
C:\Users\Randi\Documents\Visual Studio 2010\Projects\Visual Studio 2010\Projects\Juce_Template\Builds\VisualStudio2008\Debug\link.command.1.tlog
C:\Users\Randi\Documents\Visual Studio 2010\Projects\Visual Studio 2010\Projects\Juce_Template\Builds\VisualStudio2008\Debug\link.read.1.tlog
C:\Users\Randi\Documents\Visual Studio 2010\Projects\Visual Studio 2010\Projects\Juce_Template\Builds\VisualStudio2008\Debug\link.write.1.tlog
C:\USERS\RANDI\DOCUMENTS\VISUAL STUDIO 2010\PROJECTS\VISUAL STUDIO 2010\PROJECTS\JUCE_TEMPLATE\BUILDS\VISUALSTUDIO2008\DEBUG\MAIN.OBJ
C:\USERS\RANDI\DOCUMENTS\VISUAL STUDIO 2010\PROJECTS\VISUAL STUDIO 2010\PROJECTS\JUCE_TEMPLATE\BUILDS\VISUALSTUDIO2008\DEBUG\MAINCOMPONENT.OBJ
C:\USERS\RANDI\DOCUMENTS\VISUAL STUDIO 2010\PROJECTS\VISUAL STUDIO 2010\PROJECTS\JUCE_TEMPLATE\BUILDS\VISUALSTUDIO2008\DEBUG\MAINMENU.OBJ
C:\USERS\RANDI\DOCUMENTS\VISUAL STUDIO 2010\PROJECTS\VISUAL STUDIO 2010\PROJECTS\JUCE_TEMPLATE\BUILDS\VISUALSTUDIO2008\DEBUG\MAINWINDOW.OBJ
C:\Users\Randi\Documents\Visual Studio 2010\Projects\Visual Studio 2010\Projects\Juce_Template\Builds\VisualStudio2008\Debug\mt.command.1.tlog
C:\Users\Randi\Documents\Visual Studio 2010\Projects\Visual Studio 2010\Projects\Juce_Template\Builds\VisualStudio2008\Debug\mt.read.1.tlog
C:\Users\Randi\Documents\Visual Studio 2010\Projects\Visual Studio 2010\Projects\Juce_Template\Builds\VisualStudio2008\Debug\mt.write.1.tlog
C:\USERS\RANDI\DOCUMENTS\VISUAL STUDIO 2010\PROJECTS\VISUAL STUDIO 2010\PROJECTS\JUCE_TEMPLATE\BUILDS\VISUALSTUDIO2008\DEBUG\REGISTRATION.OBJ
C:\USERS\RANDI\DOCUMENTS\VISUAL STUDIO 2010\PROJECTS\VISUAL STUDIO 2010\PROJECTS\JUCE_TEMPLATE\BUILDS\VISUALSTUDIO2008\DEBUG\ROUNDCORNERBOX.OBJ
C:\USERS\RANDI\DOCUMENTS\VISUAL STUDIO 2010\PROJECTS\VISUAL STUDIO 2010\PROJECTS\JUCE_TEMPLATE\BUILDS\VISUALSTUDIO2008\DEBUG\SEARCH.OBJ
C:\USERS\RANDI\DOCUMENTS\VISUAL STUDIO 2010\PROJECTS\VISUAL STUDIO 2010\PROJECTS\JUCE_TEMPLATE\BUILDS\VISUALSTUDIO2008\DEBUG\SHOUT.OBJ
C:\USERS\RANDI\DOCUMENTS\VISUAL STUDIO 2010\PROJECTS\VISUAL STUDIO 2010\PROJECTS\JUCE_TEMPLATE\BUILDS\VISUALSTUDIO2008\DEBUG\SHOUTCOMPONENT.OBJ
C:\USERS\RANDI\DOCUMENTS\VISUAL STUDIO 2010\PROJECTS\VISUAL STUDIO 2010\PROJECTS\JUCE_TEMPLATE\BUILDS\VISUALSTUDIO2008\DEBUG\USERNAMECOMPARE.OBJ
C:\Users\Randi\Documents\Visual Studio 2010\Projects\Visual Studio 2010\Projects\Juce_Template\Builds\VisualStudio2008\Debug\vc100.idb
C:\USERS\RANDI\DOCUMENTS\VISUAL STUDIO 2010\PROJECTS\VISUAL STUDIO 2010\PROJECTS\JUCE_TEMPLATE\BUILDS\VISUALSTUDIO2008\DEBUG\VC100.PDB
C:\USERS\RANDI\DOCUMENTS\VISUAL STUDIO 2010\PROJECTS\VISUAL STUDIO 2010\PROJECTS\JUCE_TEMPLATE\BUILDS\VISUALSTUDIO2008\DEBUG\VIEWFOLLOWERS.OBJ
C:\USERS\RANDI\DOCUMENTS\VISUAL STUDIO 2010\PROJECTS\VISUAL STUDIO 2010\PROJECTS\JUCE_TEMPLATE\BUILDS\VISUALSTUDIO2008\DEBUG\VIEWFOLLOWING.OBJ
C:\USERS\RANDI\DOCUMENTS\VISUAL STUDIO 2010\PROJECTS\VISUAL STUDIO 2010\PROJECTS\JUCE_TEMPLATE\BUILDS\VISUALSTUDIO2008\DEBUG\VIEWSHOUTS.OBJ
D:\VISUAL STUDIO 2010\PROJECTS\JUCE_TEMPLATE\BUILDS\VISUALSTUDIO2008\DEBUG\ACCOUNT.OBJ
D:\VISUAL STUDIO 2010\PROJECTS\JUCE_TEMPLATE\BUILDS\VISUALSTUDIO2008\DEBUG\DASHBOARD.OBJ
D:\VISUAL STUDIO 2010\PROJECTS\JUCE_TEMPLATE\BUILDS\VISUALSTUDIO2008\DEBUG\FILEIO.OBJ
D:\VISUAL STUDIO 2010\PROJECTS\JUCE_TEMPLATE\BUILDS\VISUALSTUDIO2008\DEBUG\JUCE_TEMPLATE.EXE
D:\VISUAL STUDIO 2010\PROJECTS\JUCE_TEMPLATE\BUILDS\VISUALSTUDIO2008\DEBUG\JUCE_TEMPLATE.EXE.INTERMEDIATE.MANIFEST
D:\VISUAL STUDIO 2010\PROJECTS\JUCE_TEMPLATE\BUILDS\VISUALSTUDIO2008\DEBUG\JUCE_TEMPLATE.ILK
D:\VISUAL STUDIO 2010\PROJECTS\JUCE_TEMPLATE\BUILDS\VISUALSTUDIO2008\DEBUG\JUCE_TEMPLATE.PDB
D:\VISUAL STUDIO 2010\PROJECTS\JUCE_TEMPLATE\BUILDS\VISUALSTUDIO2008\DEBUG\JUCELIBRARYCODE1.OBJ
D:\VISUAL STUDIO 2010\PROJECTS\JUCE_TEMPLATE\BUILDS\VISUALSTUDIO2008\DEBUG\JUCELIBRARYCODE2.OBJ
D:\VISUAL STUDIO 2010\PROJECTS\JUCE_TEMPLATE\BUILDS\VISUALSTUDIO2008\DEBUG\JUCELIBRARYCODE3.OBJ
D:\VISUAL STUDIO 2010\PROJECTS\JUCE_TEMPLATE\BUILDS\VISUALSTUDIO2008\DEBUG\JUCELIBRARYCODE4.OBJ
D:\VISUAL STUDIO 2010\PROJECTS\JUCE_TEMPLATE\BUILDS\VISUALSTUDIO2008\DEBUG\MAIN.OBJ
D:\VISUAL STUDIO 2010\PROJECTS\JUCE_TEMPLATE\BUILDS\VISUALSTUDIO2008\DEBUG\MAINCOMPONENT.OBJ
D:\VISUAL STUDIO 2010\PROJECTS\JUCE_TEMPLATE\BUILDS\VISUALSTUDIO2008\DEBUG\MAINMENU.OBJ
D:\VISUAL STUDIO 2010\PROJECTS\JUCE_TEMPLATE\BUILDS\VISUALSTUDIO2008\DEBUG\MAINWINDOW.OBJ
D:\VISUAL STUDIO 2010\PROJECTS\JUCE_TEMPLATE\BUILDS\VISUALSTUDIO2008\DEBUG\REGISTRATION.OBJ
D:\VISUAL STUDIO 2010\PROJECTS\JUCE_TEMPLATE\BUILDS\VISUALSTUDIO2008\DEBUG\SEARCH.OBJ
D:\VISUAL STUDIO 2010\PROJECTS\JUCE_TEMPLATE\BUILDS\VISUALSTUDIO2008\DEBUG\SHOUT.OBJ
D:\VISUAL STUDIO 2010\PROJECTS\JUCE_TEMPLATE\BUILDS\VISUALSTUDIO2008\DEBUG\USERNAMECOMPARE.OBJ
D:\VISUAL STUDIO 2010\PROJECTS\JUCE_TEMPLATE\BUILDS\VISUALSTUDIO2008\DEBUG\VC100.PDB
D:\VISUAL STUDIO 2010\PROJECTS\JUCE_TEMPLATE\BUILDS\VISUALSTUDIO2008\DEBUG\VIEWFOLLOWERS.OBJ
D:\VISUAL STUDIO 2010\PROJECTS\JUCE_TEMPLATE\BUILDS\VISUALSTUDIO2008\DEBUG\VIEWFOLLOWING.OBJ
