C:\USERS\RANDI\DESKTOP\JUCE\EXTRAS\JUCEDEMO\BUILDS\VISUALSTUDIO2010\DEBUG\APPLICATIONSTARTUP.OBJ
C:\USERS\RANDI\DESKTOP\JUCE\EXTRAS\JUCEDEMO\BUILDS\VISUALSTUDIO2010\DEBUG\AUDIODEMOLATENCYPAGE.OBJ
C:\USERS\RANDI\DESKTOP\JUCE\EXTRAS\JUCEDEMO\BUILDS\VISUALSTUDIO2010\DEBUG\AUDIODEMOPLAYBACKPAGE.OBJ
C:\USERS\RANDI\DESKTOP\JUCE\EXTRAS\JUCEDEMO\BUILDS\VISUALSTUDIO2010\DEBUG\AUDIODEMORECORDPAGE.OBJ
C:\USERS\RANDI\DESKTOP\JUCE\EXTRAS\JUCEDEMO\BUILDS\VISUALSTUDIO2010\DEBUG\AUDIODEMOSETUPPAGE.OBJ
C:\USERS\RANDI\DESKTOP\JUCE\EXTRAS\JUCEDEMO\BUILDS\VISUALSTUDIO2010\DEBUG\AUDIODEMOSYNTHPAGE.OBJ
C:\USERS\RANDI\DESKTOP\JUCE\EXTRAS\JUCEDEMO\BUILDS\VISUALSTUDIO2010\DEBUG\AUDIODEMOTABCOMPONENT.OBJ
C:\USERS\RANDI\DESKTOP\JUCE\EXTRAS\JUCEDEMO\BUILDS\VISUALSTUDIO2010\DEBUG\BINARYDATA.OBJ
C:\USERS\RANDI\DESKTOP\JUCE\EXTRAS\JUCEDEMO\BUILDS\VISUALSTUDIO2010\DEBUG\CAMERADEMO.OBJ
C:\Users\randi\Desktop\juce\extras\JuceDemo\Builds\VisualStudio2010\Debug\cl.command.1.tlog
C:\Users\randi\Desktop\juce\extras\JuceDemo\Builds\VisualStudio2010\Debug\CL.read.1.tlog
C:\Users\randi\Desktop\juce\extras\JuceDemo\Builds\VisualStudio2010\Debug\CL.write.1.tlog
C:\USERS\RANDI\DESKTOP\JUCE\EXTRAS\JUCEDEMO\BUILDS\VISUALSTUDIO2010\DEBUG\CODEEDITORDEMO.OBJ
C:\USERS\RANDI\DESKTOP\JUCE\EXTRAS\JUCEDEMO\BUILDS\VISUALSTUDIO2010\DEBUG\DIRECTSHOWDEMO.OBJ
C:\USERS\RANDI\DESKTOP\JUCE\EXTRAS\JUCEDEMO\BUILDS\VISUALSTUDIO2010\DEBUG\DRAGANDDROPDEMO.OBJ
C:\USERS\RANDI\DESKTOP\JUCE\EXTRAS\JUCEDEMO\BUILDS\VISUALSTUDIO2010\DEBUG\FONTSANDTEXTDEMO.OBJ
C:\USERS\RANDI\DESKTOP\JUCE\EXTRAS\JUCEDEMO\BUILDS\VISUALSTUDIO2010\DEBUG\INTERPROCESSCOMMSDEMO.OBJ
C:\USERS\RANDI\DESKTOP\JUCE\EXTRAS\JUCEDEMO\BUILDS\VISUALSTUDIO2010\DEBUG\JUCELIBRARYCODE1.OBJ
C:\USERS\RANDI\DESKTOP\JUCE\EXTRAS\JUCEDEMO\BUILDS\VISUALSTUDIO2010\DEBUG\JUCELIBRARYCODE2.OBJ
C:\USERS\RANDI\DESKTOP\JUCE\EXTRAS\JUCEDEMO\BUILDS\VISUALSTUDIO2010\DEBUG\JUCELIBRARYCODE3.OBJ
C:\USERS\RANDI\DESKTOP\JUCE\EXTRAS\JUCEDEMO\BUILDS\VISUALSTUDIO2010\DEBUG\MAINDEMOWINDOW.OBJ
C:\USERS\RANDI\DESKTOP\JUCE\EXTRAS\JUCEDEMO\BUILDS\VISUALSTUDIO2010\DEBUG\OPENGLDEMO.OBJ
C:\USERS\RANDI\DESKTOP\JUCE\EXTRAS\JUCEDEMO\BUILDS\VISUALSTUDIO2010\DEBUG\QUICKTIMEDEMO.OBJ
C:\USERS\RANDI\DESKTOP\JUCE\EXTRAS\JUCEDEMO\BUILDS\VISUALSTUDIO2010\DEBUG\RENDERINGTESTCOMPONENT.OBJ
C:\USERS\RANDI\DESKTOP\JUCE\EXTRAS\JUCEDEMO\BUILDS\VISUALSTUDIO2010\DEBUG\TABLEDEMO.OBJ
C:\USERS\RANDI\DESKTOP\JUCE\EXTRAS\JUCEDEMO\BUILDS\VISUALSTUDIO2010\DEBUG\THREADINGDEMO.OBJ
C:\USERS\RANDI\DESKTOP\JUCE\EXTRAS\JUCEDEMO\BUILDS\VISUALSTUDIO2010\DEBUG\TREEVIEWDEMO.OBJ
C:\Users\randi\Desktop\juce\extras\JuceDemo\Builds\VisualStudio2010\Debug\vc100.idb
C:\Users\randi\Desktop\juce\extras\JuceDemo\Builds\VisualStudio2010\Debug\vc100.pdb
C:\USERS\RANDI\DESKTOP\JUCE\EXTRAS\JUCEDEMO\BUILDS\VISUALSTUDIO2010\DEBUG\WEBBROWSERDEMO.OBJ
C:\USERS\RANDI\DESKTOP\JUCE\EXTRAS\JUCEDEMO\BUILDS\VISUALSTUDIO2010\DEBUG\WIDGETSDEMO.OBJ
